*** Using Compiler 'V5.06 update 7 (build 960)', folder: 'D:\Keil_v5\ARM\ARMCC\Bin'
Rebuild target 'standard_tpye_c'
assembling startup_stm32f407xx.s...
compiling adc.c...
compiling crc.c...
compiling gpio.c...
compiling can.c...
compiling freertos.c...
compiling main.c...
compiling dma.c...
compiling i2c.c...
compiling rng.c...
compiling rtc.c...
compiling tim.c...
compiling spi.c...
compiling usb_device.c...
compiling usart.c...
compiling stm32f4xx_it.c...
../Inc/stm32f4xx_tim.h(246): warning:  #47-D: incompatible redefinition of macro "IS_TIM_OC_MODE"  (declared at line 1675 of "../Drivers/STM32F4xx_HAL_Driver/Inc/stm32f4xx_hal_tim.h")
  #define IS_TIM_OC_MODE(MODE) (((MODE) == TIM_OCMode_Timing) || \
../Inc/stm32f4xx_tim.h(270): warning:  #47-D: incompatible redefinition of macro "IS_TIM_OPM_MODE"  (declared at line 1575 of "../Drivers/STM32F4xx_HAL_Driver/Inc/stm32f4xx_hal_tim.h")
  #define IS_TIM_OPM_MODE(MODE) (((MODE) == TIM_OPMode_Single) || \
../Inc/stm32f4xx_tim.h(322): warning:  #47-D: incompatible redefinition of macro "IS_TIM_COUNTER_MODE"  (declared at line 1531 of "../Drivers/STM32F4xx_HAL_Driver/Inc/stm32f4xx_hal_tim.h")
  #define IS_TIM_COUNTER_MODE(MODE) (((MODE) == TIM_CounterMode_Up) ||  \
../Inc/stm32f4xx_tim.h(337): warning:  #47-D: incompatible redefinition of macro "IS_TIM_OC_POLARITY"  (declared at line 1547 of "../Drivers/STM32F4xx_HAL_Driver/Inc/stm32f4xx_hal_tim.h")
  #define IS_TIM_OC_POLARITY(POLARITY) (((POLARITY) == TIM_OCPolarity_High) || \
../Inc/stm32f4xx_tim.h(349): warning:  #47-D: incompatible redefinition of macro "IS_TIM_OCN_POLARITY"  (declared at line 1550 of "../Drivers/STM32F4xx_HAL_Driver/Inc/stm32f4xx_hal_tim.h")
  #define IS_TIM_OCN_POLARITY(POLARITY) (((POLARITY) == TIM_OCNPolarity_High) || \
../Inc/stm32f4xx_tim.h(409): warning:  #47-D: incompatible redefinition of macro "IS_TIM_BREAK_STATE"  (declared at line 1645 of "../Drivers/STM32F4xx_HAL_Driver/Inc/stm32f4xx_hal_tim.h")
  #define IS_TIM_BREAK_STATE(STATE) (((STATE) == TIM_Break_Enable) || \
../Inc/stm32f4xx_tim.h(421): warning:  #47-D: incompatible redefinition of macro "IS_TIM_BREAK_POLARITY"  (declared at line 1648 of "../Drivers/STM32F4xx_HAL_Driver/Inc/stm32f4xx_hal_tim.h")
  #define IS_TIM_BREAK_POLARITY(POLARITY) (((POLARITY) == TIM_BreakPolarity_Low) || \
../Inc/stm32f4xx_tim.h(433): warning:  #47-D: incompatible redefinition of macro "IS_TIM_AUTOMATIC_OUTPUT_STATE"  (declared at line 1651 of "../Drivers/STM32F4xx_HAL_Driver/Inc/stm32f4xx_hal_tim.h")
  #define IS_TIM_AUTOMATIC_OUTPUT_STATE(STATE) (((STATE) == TIM_AutomaticOutput_Enable) || \
../Inc/stm32f4xx_tim.h(447): warning:  #47-D: incompatible redefinition of macro "IS_TIM_LOCK_LEVEL"  (declared at line 1637 of "../Drivers/STM32F4xx_HAL_Driver/Inc/stm32f4xx_hal_tim.h")
  #define IS_TIM_LOCK_LEVEL(LEVEL) (((LEVEL) == TIM_LOCKLevel_OFF) || \
../Inc/stm32f4xx_tim.h(461): warning:  #47-D: incompatible redefinition of macro "IS_TIM_OSSI_STATE"  (declared at line 1634 of "../Drivers/STM32F4xx_HAL_Driver/Inc/stm32f4xx_hal_tim.h")
  #define IS_TIM_OSSI_STATE(STATE) (((STATE) == TIM_OSSIState_Enable) || \
../Inc/stm32f4xx_tim.h(473): warning:  #47-D: incompatible redefinition of macro "IS_TIM_OSSR_STATE"  (declared at line 1631 of "../Drivers/STM32F4xx_HAL_Driver/Inc/stm32f4xx_hal_tim.h")
  #define IS_TIM_OSSR_STATE(STATE) (((STATE) == TIM_OSSRState_Enable) || \
../Inc/stm32f4xx_tim.h(485): warning:  #47-D: incompatible redefinition of macro "IS_TIM_OCIDLE_STATE"  (declared at line 1553 of "../Drivers/STM32F4xx_HAL_Driver/Inc/stm32f4xx_hal_tim.h")
  #define IS_TIM_OCIDLE_STATE(STATE) (((STATE) == TIM_OCIdleState_Set) || \
../Inc/stm32f4xx_tim.h(497): warning:  #47-D: incompatible redefinition of macro "IS_TIM_OCNIDLE_STATE"  (declared at line 1556 of "../Drivers/STM32F4xx_HAL_Driver/Inc/stm32f4xx_hal_tim.h")
  #define IS_TIM_OCNIDLE_STATE(STATE) (((STATE) == TIM_OCNIdleState_Set) || \
../Inc/stm32f4xx_tim.h(510): warning:  #47-D: incompatible redefinition of macro "IS_TIM_IC_POLARITY"  (declared at line 1562 of "../Drivers/STM32F4xx_HAL_Driver/Inc/stm32f4xx_hal_tim.h")
  #define IS_TIM_IC_POLARITY(POLARITY) (((POLARITY) == TIM_ICPolarity_Rising) || \
../Inc/stm32f4xx_tim.h(526): warning:  #47-D: incompatible redefinition of macro "IS_TIM_IC_SELECTION"  (declared at line 1566 of "../Drivers/STM32F4xx_HAL_Driver/Inc/stm32f4xx_hal_tim.h")
  #define IS_TIM_IC_SELECTION(SELECTION) (((SELECTION) == TIM_ICSelection_DirectTI) || \
../Inc/stm32f4xx_tim.h(537): warning:  #47-D: incompatible redefinition of macro "TIM_ICPSC_DIV1"  (declared at line 620 of "../Drivers/STM32F4xx_HAL_Driver/Inc/stm32f4xx_hal_tim.h")
  #define TIM_ICPSC_DIV1                     ((uint16_t)0x0000) /*!< Capture performed each time an edge is detected on the capture input. */
../Inc/stm32f4xx_tim.h(538): warning:  #47-D: incompatible redefinition of macro "TIM_ICPSC_DIV2"  (declared at line 621 of "../Drivers/STM32F4xx_HAL_Driver/Inc/stm32f4xx_hal_tim.h")
  #define TIM_ICPSC_DIV2                     ((uint16_t)0x0004) /*!< Capture performed once every 2 events. */
../Inc/stm32f4xx_tim.h(539): warning:  #47-D: incompatible redefinition of macro "TIM_ICPSC_DIV4"  (declared at line 622 of "../Drivers/STM32F4xx_HAL_Driver/Inc/stm32f4xx_hal_tim.h")
  #define TIM_ICPSC_DIV4                     ((uint16_t)0x0008) /*!< Capture performed once every 4 events. */
../Inc/stm32f4xx_tim.h(540): warning:  #47-D: incompatible redefinition of macro "TIM_ICPSC_DIV8"  (declared at line 623 of "../Drivers/STM32F4xx_HAL_Driver/Inc/stm32f4xx_hal_tim.h")
  #define TIM_ICPSC_DIV8                     ((uint16_t)0x000C) /*!< Capture performed once every 8 events. */
../Inc/stm32f4xx_tim.h(541): warning:  #47-D: incompatible redefinition of macro "IS_TIM_IC_PRESCALER"  (declared at line 1570 of "../Drivers/STM32F4xx_HAL_Driver/Inc/stm32f4xx_hal_tim.h")
  #define IS_TIM_IC_PRESCALER(PRESCALER) (((PRESCALER) == TIM_ICPSC_DIV1) || \
../Inc/stm32f4xx_tim.h(554): warning:  #47-D: incompatible redefinition of macro "TIM_IT_CC1"  (declared at line 651 of "../Drivers/STM32F4xx_HAL_Driver/Inc/stm32f4xx_hal_tim.h")
  #define TIM_IT_CC1                         ((uint16_t)0x0002)
../Inc/stm32f4xx_tim.h(555): warning:  #47-D: incompatible redefinition of macro "TIM_IT_CC2"  (declared at line 652 of "../Drivers/STM32F4xx_HAL_Driver/Inc/stm32f4xx_hal_tim.h")
  #define TIM_IT_CC2                         ((uint16_t)0x0004)
../Inc/stm32f4xx_tim.h(556): warning:  #47-D: incompatible redefinition of macro "TIM_IT_CC3"  (declared at line 653 of "../Drivers/STM32F4xx_HAL_Driver/Inc/stm32f4xx_hal_tim.h")
  #define TIM_IT_CC3                         ((uint16_t)0x0008)
../Inc/stm32f4xx_tim.h(557): warning:  #47-D: incompatible redefinition of macro "TIM_IT_CC4"  (declared at line 654 of "../Drivers/STM32F4xx_HAL_Driver/Inc/stm32f4xx_hal_tim.h")
  #define TIM_IT_CC4                         ((uint16_t)0x0010)
../Inc/stm32f4xx_tim.h(558): warning:  #47-D: incompatible redefinition of macro "TIM_IT_COM"  (declared at line 655 of "../Drivers/STM32F4xx_HAL_Driver/Inc/stm32f4xx_hal_tim.h")
  #define TIM_IT_COM                         ((uint16_t)0x0020)
../Inc/stm32f4xx_tim.h(579): warning:  #47-D: incompatible redefinition of macro "TIM_DMABase_CR1"  (declared at line 1140 of "../Drivers/STM32F4xx_HAL_Driver/Inc/Legacy/stm32_hal_legacy.h")
  #define TIM_DMABase_CR1                    ((uint16_t)0x0000)
../Inc/stm32f4xx_tim.h(580): warning:  #47-D: incompatible redefinition of macro "TIM_DMABase_CR2"  (declared at line 1141 of "../Drivers/STM32F4xx_HAL_Driver/Inc/Legacy/stm32_hal_legacy.h")
  #define TIM_DMABase_CR2                    ((uint16_t)0x0001)
../Inc/stm32f4xx_tim.h(581): warning:  #47-D: incompatible redefinition of macro "TIM_DMABase_SMCR"  (declared at line 1142 of "../Drivers/STM32F4xx_HAL_Driver/Inc/Legacy/stm32_hal_legacy.h")
  #define TIM_DMABase_SMCR                   ((uint16_t)0x0002)
../Inc/stm32f4xx_tim.h(582): warning:  #47-D: incompatible redefinition of macro "TIM_DMABase_DIER"  (declared at line 1143 of "../Drivers/STM32F4xx_HAL_Driver/Inc/Legacy/stm32_hal_legacy.h")
  #define TIM_DMABase_DIER                   ((uint16_t)0x0003)
../Inc/stm32f4xx_tim.h(583): warning:  #47-D: incompatible redefinition of macro "TIM_DMABase_SR"  (declared at line 1144 of "../Drivers/STM32F4xx_HAL_Driver/Inc/Legacy/stm32_hal_legacy.h")
  #define TIM_DMABase_SR                     ((uint16_t)0x0004)
../Inc/stm32f4xx_tim.h(584): warning:  #47-D: incompatible redefinition of macro "TIM_DMABase_EGR"  (declared at line 1145 of "../Drivers/STM32F4xx_HAL_Driver/Inc/Legacy/stm32_hal_legacy.h")
  #define TIM_DMABase_EGR                    ((uint16_t)0x0005)
../Inc/stm32f4xx_tim.h(585): warning:  #47-D: incompatible redefinition of macro "TIM_DMABase_CCMR1"  (declared at line 1146 of "../Drivers/STM32F4xx_HAL_Driver/Inc/Legacy/stm32_hal_legacy.h")
  #define TIM_DMABase_CCMR1                  ((uint16_t)0x0006)
../Inc/stm32f4xx_tim.h(586): warning:  #47-D: incompatible redefinition of macro "TIM_DMABase_CCMR2"  (declared at line 1147 of "../Drivers/STM32F4xx_HAL_Driver/Inc/Legacy/stm32_hal_legacy.h")
  #define TIM_DMABase_CCMR2                  ((uint16_t)0x0007)
../Inc/stm32f4xx_tim.h(587): warning:  #47-D: incompatible redefinition of macro "TIM_DMABase_CCER"  (declared at line 1148 of "../Drivers/STM32F4xx_HAL_Driver/Inc/Legacy/stm32_hal_legacy.h")
  #define TIM_DMABase_CCER                   ((uint16_t)0x0008)
../Inc/stm32f4xx_tim.h(588): warning:  #47-D: incompatible redefinition of macro "TIM_DMABase_CNT"  (declared at line 1149 of "../Drivers/STM32F4xx_HAL_Driver/Inc/Legacy/stm32_hal_legacy.h")
  #define TIM_DMABase_CNT                    ((uint16_t)0x0009)
../Inc/stm32f4xx_tim.h(589): warning:  #47-D: incompatible redefinition of macro "TIM_DMABase_PSC"  (declared at line 1150 of "../Drivers/STM32F4xx_HAL_Driver/Inc/Legacy/stm32_hal_legacy.h")
  #define TIM_DMABase_PSC                    ((uint16_t)0x000A)
../Inc/stm32f4xx_tim.h(590): warning:  #47-D: incompatible redefinition of macro "TIM_DMABase_ARR"  (declared at line 1151 of "../Drivers/STM32F4xx_HAL_Driver/Inc/Legacy/stm32_hal_legacy.h")
  #define TIM_DMABase_ARR                    ((uint16_t)0x000B)
../Inc/stm32f4xx_tim.h(591): warning:  #47-D: incompatible redefinition of macro "TIM_DMABase_RCR"  (declared at line 1152 of "../Drivers/STM32F4xx_HAL_Driver/Inc/Legacy/stm32_hal_legacy.h")
  #define TIM_DMABase_RCR                    ((uint16_t)0x000C)
../Inc/stm32f4xx_tim.h(592): warning:  #47-D: incompatible redefinition of macro "TIM_DMABase_CCR1"  (declared at line 1153 of "../Drivers/STM32F4xx_HAL_Driver/Inc/Legacy/stm32_hal_legacy.h")
  #define TIM_DMABase_CCR1                   ((uint16_t)0x000D)
../Inc/stm32f4xx_tim.h(593): warning:  #47-D: incompatible redefinition of macro "TIM_DMABase_CCR2"  (declared at line 1154 of "../Drivers/STM32F4xx_HAL_Driver/Inc/Legacy/stm32_hal_legacy.h")
  #define TIM_DMABase_CCR2                   ((uint16_t)0x000E)
../Inc/stm32f4xx_tim.h(594): warning:  #47-D: incompatible redefinition of macro "TIM_DMABase_CCR3"  (declared at line 1155 of "../Drivers/STM32F4xx_HAL_Driver/Inc/Legacy/stm32_hal_legacy.h")
  #define TIM_DMABase_CCR3                   ((uint16_t)0x000F)
../Inc/stm32f4xx_tim.h(595): warning:  #47-D: incompatible redefinition of macro "TIM_DMABase_CCR4"  (declared at line 1156 of "../Drivers/STM32F4xx_HAL_Driver/Inc/Legacy/stm32_hal_legacy.h")
  #define TIM_DMABase_CCR4                   ((uint16_t)0x0010)
../Inc/stm32f4xx_tim.h(596): warning:  #47-D: incompatible redefinition of macro "TIM_DMABase_BDTR"  (declared at line 1157 of "../Drivers/STM32F4xx_HAL_Driver/Inc/Legacy/stm32_hal_legacy.h")
  #define TIM_DMABase_BDTR                   ((uint16_t)0x0011)
../Inc/stm32f4xx_tim.h(597): warning:  #47-D: incompatible redefinition of macro "TIM_DMABase_DCR"  (declared at line 1158 of "../Drivers/STM32F4xx_HAL_Driver/Inc/Legacy/stm32_hal_legacy.h")
  #define TIM_DMABase_DCR                    ((uint16_t)0x0012)
../Inc/stm32f4xx_tim.h(598): warning:  #47-D: incompatible redefinition of macro "TIM_DMABase_OR"  (declared at line 1166 of "../Drivers/STM32F4xx_HAL_Driver/Inc/Legacy/stm32_hal_legacy.h")
  #define TIM_DMABase_OR                     ((uint16_t)0x0013)
../Inc/stm32f4xx_tim.h(599): warning:  #47-D: incompatible redefinition of macro "IS_TIM_DMA_BASE"  (declared at line 1510 of "../Drivers/STM32F4xx_HAL_Driver/Inc/stm32f4xx_hal_tim.h")
  #define IS_TIM_DMA_BASE(BASE) (((BASE) == TIM_DMABase_CR1) || \
../Inc/stm32f4xx_tim.h(627): warning:  #47-D: incompatible redefinition of macro "TIM_DMABurstLength_1Transfer"  (declared at line 1178 of "../Drivers/STM32F4xx_HAL_Driver/Inc/Legacy/stm32_hal_legacy.h")
  #define TIM_DMABurstLength_1Transfer           ((uint16_t)0x0000)
../Inc/stm32f4xx_tim.h(628): warning:  #47-D: incompatible redefinition of macro "TIM_DMABurstLength_2Transfers"  (declared at line 1179 of "../Drivers/STM32F4xx_HAL_Driver/Inc/Legacy/stm32_hal_legacy.h")
  #define TIM_DMABurstLength_2Transfers          ((uint16_t)0x0100)
../Inc/stm32f4xx_tim.h(629): warning:  #47-D: incompatible redefinition of macro "TIM_DMABurstLength_3Transfers"  (declared at line 1180 of "../Drivers/STM32F4xx_HAL_Driver/Inc/Legacy/stm32_hal_legacy.h")
  #define TIM_DMABurstLength_3Transfers          ((uint16_t)0x0200)
../Inc/stm32f4xx_tim.h(630): warning:  #47-D: incompatible redefinition of macro "TIM_DMABurstLength_4Transfers"  (declared at line 1181 of "../Drivers/STM32F4xx_HAL_Driver/Inc/Legacy/stm32_hal_legacy.h")
  #define TIM_DMABurstLength_4Transfers          ((uint16_t)0x0300)
../Inc/stm32f4xx_tim.h(631): warning:  #47-D: incompatible redefinition of macro "TIM_DMABurstLength_5Transfers"  (declared at line 1182 of "../Drivers/STM32F4xx_HAL_Driver/Inc/Legacy/stm32_hal_legacy.h")
  #define TIM_DMABurstLength_5Transfers          ((uint16_t)0x0400)
../Inc/stm32f4xx_tim.h(632): warning:  #47-D: incompatible redefinition of macro "TIM_DMABurstLength_6Transfers"  (declared at line 1183 of "../Drivers/STM32F4xx_HAL_Driver/Inc/Legacy/stm32_hal_legacy.h")
  #define TIM_DMABurstLength_6Transfers          ((uint16_t)0x0500)
../Inc/stm32f4xx_tim.h(633): warning:  #47-D: incompatible redefinition of macro "TIM_DMABurstLength_7Transfers"  (declared at line 1184 of "../Drivers/STM32F4xx_HAL_Driver/Inc/Legacy/stm32_hal_legacy.h")
  #define TIM_DMABurstLength_7Transfers          ((uint16_t)0x0600)
../Inc/stm32f4xx_tim.h(634): warning:  #47-D: incompatible redefinition of macro "TIM_DMABurstLength_8Transfers"  (declared at line 1185 of "../Drivers/STM32F4xx_HAL_Driver/Inc/Legacy/stm32_hal_legacy.h")
  #define TIM_DMABurstLength_8Transfers          ((uint16_t)0x0700)
../Inc/stm32f4xx_tim.h(635): warning:  #47-D: incompatible redefinition of macro "TIM_DMABurstLength_9Transfers"  (declared at line 1186 of "../Drivers/STM32F4xx_HAL_Driver/Inc/Legacy/stm32_hal_legacy.h")
  #define TIM_DMABurstLength_9Transfers          ((uint16_t)0x0800)
../Inc/stm32f4xx_tim.h(636): warning:  #47-D: incompatible redefinition of macro "TIM_DMABurstLength_10Transfers"  (declared at line 1187 of "../Drivers/STM32F4xx_HAL_Driver/Inc/Legacy/stm32_hal_legacy.h")
  #define TIM_DMABurstLength_10Transfers         ((uint16_t)0x0900)
../Inc/stm32f4xx_tim.h(637): warning:  #47-D: incompatible redefinition of macro "TIM_DMABurstLength_11Transfers"  (declared at line 1188 of "../Drivers/STM32F4xx_HAL_Driver/Inc/Legacy/stm32_hal_legacy.h")
  #define TIM_DMABurstLength_11Transfers         ((uint16_t)0x0A00)
../Inc/stm32f4xx_tim.h(638): warning:  #47-D: incompatible redefinition of macro "TIM_DMABurstLength_12Transfers"  (declared at line 1189 of "../Drivers/STM32F4xx_HAL_Driver/Inc/Legacy/stm32_hal_legacy.h")
  #define TIM_DMABurstLength_12Transfers         ((uint16_t)0x0B00)
../Inc/stm32f4xx_tim.h(639): warning:  #47-D: incompatible redefinition of macro "TIM_DMABurstLength_13Transfers"  (declared at line 1190 of "../Drivers/STM32F4xx_HAL_Driver/Inc/Legacy/stm32_hal_legacy.h")
  #define TIM_DMABurstLength_13Transfers         ((uint16_t)0x0C00)
../Inc/stm32f4xx_tim.h(640): warning:  #47-D: incompatible redefinition of macro "TIM_DMABurstLength_14Transfers"  (declared at line 1191 of "../Drivers/STM32F4xx_HAL_Driver/Inc/Legacy/stm32_hal_legacy.h")
  #define TIM_DMABurstLength_14Transfers         ((uint16_t)0x0D00)
../Inc/stm32f4xx_tim.h(641): warning:  #47-D: incompatible redefinition of macro "TIM_DMABurstLength_15Transfers"  (declared at line 1192 of "../Drivers/STM32F4xx_HAL_Driver/Inc/Legacy/stm32_hal_legacy.h")
  #define TIM_DMABurstLength_15Transfers         ((uint16_t)0x0E00)
../Inc/stm32f4xx_tim.h(642): warning:  #47-D: incompatible redefinition of macro "TIM_DMABurstLength_16Transfers"  (declared at line 1193 of "../Drivers/STM32F4xx_HAL_Driver/Inc/Legacy/stm32_hal_legacy.h")
  #define TIM_DMABurstLength_16Transfers         ((uint16_t)0x0F00)
../Inc/stm32f4xx_tim.h(643): warning:  #47-D: incompatible redefinition of macro "TIM_DMABurstLength_17Transfers"  (declared at line 1194 of "../Drivers/STM32F4xx_HAL_Driver/Inc/Legacy/stm32_hal_legacy.h")
  #define TIM_DMABurstLength_17Transfers         ((uint16_t)0x1000)
../Inc/stm32f4xx_tim.h(644): warning:  #47-D: incompatible redefinition of macro "TIM_DMABurstLength_18Transfers"  (declared at line 1195 of "../Drivers/STM32F4xx_HAL_Driver/Inc/Legacy/stm32_hal_legacy.h")
  #define TIM_DMABurstLength_18Transfers         ((uint16_t)0x1100)
../Inc/stm32f4xx_tim.h(645): warning:  #47-D: incompatible redefinition of macro "IS_TIM_DMA_LENGTH"  (declared at line 1713 of "../Drivers/STM32F4xx_HAL_Driver/Inc/stm32f4xx_hal_tim.h")
  #define IS_TIM_DMA_LENGTH(LENGTH) (((LENGTH) == TIM_DMABurstLength_1Transfer) || \
../Inc/stm32f4xx_tim.h(672): warning:  #47-D: incompatible redefinition of macro "TIM_DMA_CC1"  (declared at line 675 of "../Drivers/STM32F4xx_HAL_Driver/Inc/stm32f4xx_hal_tim.h")
  #define TIM_DMA_CC1                        ((uint16_t)0x0200)
../Inc/stm32f4xx_tim.h(673): warning:  #47-D: incompatible redefinition of macro "TIM_DMA_CC2"  (declared at line 676 of "../Drivers/STM32F4xx_HAL_Driver/Inc/stm32f4xx_hal_tim.h")
  #define TIM_DMA_CC2                        ((uint16_t)0x0400)
../Inc/stm32f4xx_tim.h(674): warning:  #47-D: incompatible redefinition of macro "TIM_DMA_CC3"  (declared at line 677 of "../Drivers/STM32F4xx_HAL_Driver/Inc/stm32f4xx_hal_tim.h")
  #define TIM_DMA_CC3                        ((uint16_t)0x0800)
../Inc/stm32f4xx_tim.h(675): warning:  #47-D: incompatible redefinition of macro "TIM_DMA_CC4"  (declared at line 678 of "../Drivers/STM32F4xx_HAL_Driver/Inc/stm32f4xx_hal_tim.h")
  #define TIM_DMA_CC4                        ((uint16_t)0x1000)
../Inc/stm32f4xx_tim.h(676): warning:  #47-D: incompatible redefinition of macro "TIM_DMA_COM"  (declared at line 679 of "../Drivers/STM32F4xx_HAL_Driver/Inc/stm32f4xx_hal_tim.h")
  #define TIM_DMA_COM                        ((uint16_t)0x2000)
../Inc/stm32f4xx_tim.h(678): warning:  #47-D: incompatible redefinition of macro "IS_TIM_DMA_SOURCE"  (declared at line 1582 of "../Drivers/STM32F4xx_HAL_Driver/Inc/stm32f4xx_hal_tim.h")
  #define IS_TIM_DMA_SOURCE(SOURCE) ((((SOURCE) & (uint16_t)0x80FF) == 0x0000) && ((SOURCE) != 0x0000))
../Inc/stm32f4xx_tim.h(704): warning:  #47-D: incompatible redefinition of macro "TIM_TS_ITR0"  (declared at line 886 of "../Drivers/STM32F4xx_HAL_Driver/Inc/stm32f4xx_hal_tim.h")
  #define TIM_TS_ITR0                        ((uint16_t)0x0000)
../Inc/stm32f4xx_tim.h(705): warning:  #47-D: incompatible redefinition of macro "TIM_TS_ITR1"  (declared at line 887 of "../Drivers/STM32F4xx_HAL_Driver/Inc/stm32f4xx_hal_tim.h")
  #define TIM_TS_ITR1                        ((uint16_t)0x0010)
../Inc/stm32f4xx_tim.h(706): warning:  #47-D: incompatible redefinition of macro "TIM_TS_ITR2"  (declared at line 888 of "../Drivers/STM32F4xx_HAL_Driver/Inc/stm32f4xx_hal_tim.h")
  #define TIM_TS_ITR2                        ((uint16_t)0x0020)
../Inc/stm32f4xx_tim.h(707): warning:  #47-D: incompatible redefinition of macro "TIM_TS_ITR3"  (declared at line 889 of "../Drivers/STM32F4xx_HAL_Driver/Inc/stm32f4xx_hal_tim.h")
  #define TIM_TS_ITR3                        ((uint16_t)0x0030)
../Inc/stm32f4xx_tim.h(708): warning:  #47-D: incompatible redefinition of macro "TIM_TS_TI1F_ED"  (declared at line 890 of "../Drivers/STM32F4xx_HAL_Driver/Inc/stm32f4xx_hal_tim.h")
  #define TIM_TS_TI1F_ED                     ((uint16_t)0x0040)
../Inc/stm32f4xx_tim.h(709): warning:  #47-D: incompatible redefinition of macro "TIM_TS_TI1FP1"  (declared at line 891 of "../Drivers/STM32F4xx_HAL_Driver/Inc/stm32f4xx_hal_tim.h")
  #define TIM_TS_TI1FP1                      ((uint16_t)0x0050)
../Inc/stm32f4xx_tim.h(710): warning:  #47-D: incompatible redefinition of macro "TIM_TS_TI2FP2"  (declared at line 892 of "../Drivers/STM32F4xx_HAL_Driver/Inc/stm32f4xx_hal_tim.h")
  #define TIM_TS_TI2FP2                      ((uint16_t)0x0060)
../Inc/stm32f4xx_tim.h(711): warning:  #47-D: incompatible redefinition of macro "TIM_TS_ETRF"  (declared at line 893 of "../Drivers/STM32F4xx_HAL_Driver/Inc/stm32f4xx_hal_tim.h")
  #define TIM_TS_ETRF                        ((uint16_t)0x0070)
../Inc/stm32f4xx_tim.h(712): warning:  #47-D: incompatible redefinition of macro "IS_TIM_TRIGGER_SELECTION"  (declared at line 1682 of "../Drivers/STM32F4xx_HAL_Driver/Inc/stm32f4xx_hal_tim.h")
  #define IS_TIM_TRIGGER_SELECTION(SELECTION) (((SELECTION) == TIM_TS_ITR0) || \
../Inc/stm32f4xx_tim.h(782): warning:  #47-D: incompatible redefinition of macro "IS_TIM_ENCODER_MODE"  (declared at line 1578 of "../Drivers/STM32F4xx_HAL_Driver/Inc/stm32f4xx_hal_tim.h")
  #define IS_TIM_ENCODER_MODE(MODE) (((MODE) == TIM_EncoderMode_TI1) || \
../Inc/stm32f4xx_tim.h(794): warning:  #47-D: incompatible redefinition of macro "TIM_EventSource_Update"  (declared at line 1168 of "../Drivers/STM32F4xx_HAL_Driver/Inc/Legacy/stm32_hal_legacy.h")
  #define TIM_EventSource_Update             ((uint16_t)0x0001)
../Inc/stm32f4xx_tim.h(795): warning:  #47-D: incompatible redefinition of macro "TIM_EventSource_CC1"  (declared at line 1169 of "../Drivers/STM32F4xx_HAL_Driver/Inc/Legacy/stm32_hal_legacy.h")
  #define TIM_EventSource_CC1                ((uint16_t)0x0002)
../Inc/stm32f4xx_tim.h(796): warning:  #47-D: incompatible redefinition of macro "TIM_EventSource_CC2"  (declared at line 1170 of "../Drivers/STM32F4xx_HAL_Driver/Inc/Legacy/stm32_hal_legacy.h")
  #define TIM_EventSource_CC2                ((uint16_t)0x0004)
../Inc/stm32f4xx_tim.h(797): warning:  #47-D: incompatible redefinition of macro "TIM_EventSource_CC3"  (declared at line 1171 of "../Drivers/STM32F4xx_HAL_Driver/Inc/Legacy/stm32_hal_legacy.h")
  #define TIM_EventSource_CC3                ((uint16_t)0x0008)
../Inc/stm32f4xx_tim.h(798): warning:  #47-D: incompatible redefinition of macro "TIM_EventSource_CC4"  (declared at line 1172 of "../Drivers/STM32F4xx_HAL_Driver/Inc/Legacy/stm32_hal_legacy.h")
  #define TIM_EventSource_CC4                ((uint16_t)0x0010)
../Inc/stm32f4xx_tim.h(799): warning:  #47-D: incompatible redefinition of macro "TIM_EventSource_COM"  (declared at line 1173 of "../Drivers/STM32F4xx_HAL_Driver/Inc/Legacy/stm32_hal_legacy.h")
  #define TIM_EventSource_COM                ((uint16_t)0x0020)
../Inc/stm32f4xx_tim.h(800): warning:  #47-D: incompatible redefinition of macro "TIM_EventSource_Trigger"  (declared at line 1174 of "../Drivers/STM32F4xx_HAL_Driver/Inc/Legacy/stm32_hal_legacy.h")
  #define TIM_EventSource_Trigger            ((uint16_t)0x0040)
../Inc/stm32f4xx_tim.h(801): warning:  #47-D: incompatible redefinition of macro "TIM_EventSource_Break"  (declared at line 1175 of "../Drivers/STM32F4xx_HAL_Driver/Inc/Legacy/stm32_hal_legacy.h")
  #define TIM_EventSource_Break              ((uint16_t)0x0080)
../Inc/stm32f4xx_tim.h(802): warning:  #47-D: incompatible redefinition of macro "IS_TIM_EVENT_SOURCE"  (declared at line 1529 of "../Drivers/STM32F4xx_HAL_Driver/Inc/stm32f4xx_hal_tim.h")
  #define IS_TIM_EVENT_SOURCE(SOURCE) ((((SOURCE) & (uint16_t)0xFF00) == 0x0000) && ((SOURCE) != 0x0000))                                          
../Inc/stm32f4xx_tim.h(871): warning:  #47-D: incompatible redefinition of macro "IS_TIM_TRGO_SOURCE"  (declared at line 1654 of "../Drivers/STM32F4xx_HAL_Driver/Inc/stm32f4xx_hal_tim.h")
  #define IS_TIM_TRGO_SOURCE(SOURCE) (((SOURCE) == TIM_TRGOSource_Reset) || \
../Inc/stm32f4xx_tim.h(891): warning:  #47-D: incompatible redefinition of macro "IS_TIM_SLAVE_MODE"  (declared at line 1666 of "../Drivers/STM32F4xx_HAL_Driver/Inc/stm32f4xx_hal_tim.h")
  #define IS_TIM_SLAVE_MODE(MODE) (((MODE) == TIM_SlaveMode_Reset) || \
../Inc/stm32f4xx_tim.h(905): warning:  #47-D: incompatible redefinition of macro "IS_TIM_MSM_STATE"  (declared at line 1663 of "../Drivers/STM32F4xx_HAL_Driver/Inc/stm32f4xx_hal_tim.h")
  #define IS_TIM_MSM_STATE(STATE) (((STATE) == TIM_MasterSlaveMode_Enable) || \
../Inc/stm32f4xx_tim.h(927): warning:  #47-D: incompatible redefinition of macro "IS_TIM_REMAP"  (declared at line 162 of "../Drivers/STM32F4xx_HAL_Driver/Inc/stm32f4xx_hal_tim_ex.h")
  #define IS_TIM_REMAP(TIM_REMAP)	 (((TIM_REMAP) == TIM2_TIM8_TRGO)||\
../Inc/stm32f4xx_tim.h(946): warning:  #47-D: incompatible redefinition of macro "TIM_FLAG_CC1"  (declared at line 689 of "../Drivers/STM32F4xx_HAL_Driver/Inc/stm32f4xx_hal_tim.h")
  #define TIM_FLAG_CC1                       ((uint16_t)0x0002)
../Inc/stm32f4xx_tim.h(947): warning:  #47-D: incompatible redefinition of macro "TIM_FLAG_CC2"  (declared at line 690 of "../Drivers/STM32F4xx_HAL_Driver/Inc/stm32f4xx_hal_tim.h")
  #define TIM_FLAG_CC2                       ((uint16_t)0x0004)
../Inc/stm32f4xx_tim.h(948): warning:  #47-D: incompatible redefinition of macro "TIM_FLAG_CC3"  (declared at line 691 of "../Drivers/STM32F4xx_HAL_Driver/Inc/stm32f4xx_hal_tim.h")
  #define TIM_FLAG_CC3                       ((uint16_t)0x0008)
../Inc/stm32f4xx_tim.h(949): warning:  #47-D: incompatible redefinition of macro "TIM_FLAG_CC4"  (declared at line 692 of "../Drivers/STM32F4xx_HAL_Driver/Inc/stm32f4xx_hal_tim.h")
  #define TIM_FLAG_CC4                       ((uint16_t)0x0010)
../Inc/stm32f4xx_tim.h(950): warning:  #47-D: incompatible redefinition of macro "TIM_FLAG_COM"  (declared at line 693 of "../Drivers/STM32F4xx_HAL_Driver/Inc/stm32f4xx_hal_tim.h")
  #define TIM_FLAG_COM                       ((uint16_t)0x0020)
../Inc/stm32f4xx_tim.h(953): warning:  #47-D: incompatible redefinition of macro "TIM_FLAG_CC1OF"  (declared at line 696 of "../Drivers/STM32F4xx_HAL_Driver/Inc/stm32f4xx_hal_tim.h")
  #define TIM_FLAG_CC1OF                     ((uint16_t)0x0200)
../Inc/stm32f4xx_tim.h(954): warning:  #47-D: incompatible redefinition of macro "TIM_FLAG_CC2OF"  (declared at line 697 of "../Drivers/STM32F4xx_HAL_Driver/Inc/stm32f4xx_hal_tim.h")
  #define TIM_FLAG_CC2OF                     ((uint16_t)0x0400)
../Inc/stm32f4xx_tim.h(955): warning:  #47-D: incompatible redefinition of macro "TIM_FLAG_CC3OF"  (declared at line 698 of "../Drivers/STM32F4xx_HAL_Driver/Inc/stm32f4xx_hal_tim.h")
  #define TIM_FLAG_CC3OF                     ((uint16_t)0x0800)
../Inc/stm32f4xx_tim.h(956): warning:  #47-D: incompatible redefinition of macro "TIM_FLAG_CC4OF"  (declared at line 699 of "../Drivers/STM32F4xx_HAL_Driver/Inc/stm32f4xx_hal_tim.h")
  #define TIM_FLAG_CC4OF                     ((uint16_t)0x1000)
../Inc/stm32f4xx_tim.h(978): warning:  #47-D: incompatible redefinition of macro "IS_TIM_IC_FILTER"  (declared at line 1732 of "../Drivers/STM32F4xx_HAL_Driver/Inc/stm32f4xx_hal_tim.h")
  #define IS_TIM_IC_FILTER(ICFILTER) ((ICFILTER) <= 0xF) 
../Inc/delay.h(6): error:  #20: identifier "u16" is undefined
  void delay_ms(u16 nms);
../Inc/delay.h(7): error:  #20: identifier "u32" is undefined
  void delay_us(u32 nus);
../Src/stm32f4xx_it.c: 104 warnings, 2 errors
compiling stm32f4xx_hal_pcd_ex.c...
compiling usbd_cdc_if.c...
compiling usbd_conf.c...
compiling usbd_desc.c...
compiling stm32f4xx_hal_msp.c...
compiling stm32f4xx_hal_pcd.c...
compiling stm32f4xx_ll_usb.c...
compiling stm32f4xx_hal_flash_ex.c...
compiling stm32f4xx_hal_rcc_ex.c...
compiling stm32f4xx_hal_flash.c...
compiling stm32f4xx_hal_flash_ramfunc.c...
compiling stm32f4xx_hal_rcc.c...
compiling stm32f4xx_hal_gpio.c...
compiling stm32f4xx_hal_cortex.c...
compiling stm32f4xx_hal_pwr_ex.c...
compiling stm32f4xx_hal.c...
compiling stm32f4xx_hal_dma_ex.c...
compiling stm32f4xx_hal_pwr.c...
compiling stm32f4xx_hal_dma.c...
compiling stm32f4xx_hal_exti.c...
compiling stm32f4xx_hal_crc.c...
compiling stm32f4xx_hal_i2c_ex.c...
compiling stm32f4xx_hal_can.c...
compiling stm32f4xx_hal_adc_ex.c...
compiling stm32f4xx_hal_rng.c...
compiling stm32f4xx_hal_adc.c...
compiling stm32f4xx_hal_i2c.c...
compiling stm32f4xx_hal_rtc.c...
compiling stm32f4xx_hal_rtc_ex.c...
compiling stm32f4xx_hal_tim_ex.c...
compiling stm32f4xx_hal_spi.c...
compiling stm32f4xx_hal_uart.c...
compiling system_stm32f4xx.c...
compiling croutine.c...
compiling event_groups.c...
compiling list.c...
compiling stm32f4xx_hal_tim.c...
compiling queue.c...
compiling stream_buffer.c...
compiling heap_4.c...
compiling timers.c...
compiling tasks.c...
compiling port.c...
compiling cmsis_os.c...
compiling usbd_ioreq.c...
compiling usbd_core.c...
compiling usbd_ctlreq.c...
compiling usbd_cdc.c...
compiling bsp_adc.c...
compiling bsp_buzzer.c...
compiling bsp_can.c...
compiling bsp_delay.c...
compiling bsp_crc32.c...
compiling bsp_flash.c...
compiling bsp_fric.c...
compiling bsp_imu_pwm.c...
compiling bsp_i2c.c...
compiling bsp_laser.c...
compiling calibrate_task.c...
compiling bsp_led.c...
compiling bsp_rc.c...
compiling bsp_rng.c...
compiling bsp_spi.c...
compiling bsp_usart.c...
compiling bsp_servo_pwm.c...
compiling detect_task.c...
compiling chassis_behaviour.c...
compiling gimbal_behaviour.c...
compiling CAN_receive.c...
compiling chassis_power_control.c...
compiling chassis_task.c...
compiling gimbal_task.c...
compiling INS_task.c...
compiling oled_task.c...
compiling referee.c...
compiling remote_control.c...
compiling referee_usart_task.c...
compiling test_task.c...
compiling shoot.c...
compiling usb_task.c...
compiling voltage_task.c...
compiling ist8310driver.c...
compiling led_flow_task.c...
compiling servo_task.c...
compiling OLED.c...
compiling BMI088Middleware.c...
compiling BMI088driver.c...
compiling user_lib.c...
compiling ist8310driver_middleware.c...
compiling AHRS_middleware.c...
compiling CRC8_CRC16.c...
compiling fifo.c...
compiling mem_mang4.c...
compiling pid.c...
"standard_tpye_c\standard_tpye_c.axf" - 2 Error(s), 104 Warning(s).
Target not created.
Build Time Elapsed:  00:00:15
